<?xml version="1.0" encoding="UTF-8"?>
<!-- Generated by org.testng.reporters.JUnitReportReporter -->
<testsuite skipped="0" hostname="yuhualaideMacBook-Pro.local" name="liangyihui.web.Article_asserts" tests="1" failures="0" timestamp="10 八月 2017 13:46:25 GMT" time="17.979" errors="0">
  <testcase name="article" time="17.979" classname="liangyihui.web.Article_asserts"/>
</testsuite> <!-- liangyihui.web.Article_asserts -->
