<?xml version="1.0" encoding="UTF-8"?>
<!-- Generated by org.testng.reporters.JUnitReportReporter -->
<testsuite skipped="0" hostname="yuhualaideMacBook-Pro.local" name="liangyihui.web.Login" tests="1" failures="0" timestamp="10 八月 2017 13:46:25 GMT" time="11.349" errors="0">
  <testcase name="login" time="11.349" classname="liangyihui.web.Login"/>
</testsuite> <!-- liangyihui.web.Login -->
