<?xml version="1.0" encoding="UTF-8"?>
<!-- Generated by org.testng.reporters.JUnitReportReporter -->
<testsuite skipped="0" hostname="yuhualaideMacBook-Pro.local" name="liangyihui.net.Mac_testng2" tests="1" failures="0" timestamp="25 七月 2017 01:57:33 GMT" time="20.941" errors="0">
  <testcase name="b" time="20.941" classname="liangyihui.net.Mac_testng2"/>
</testsuite> <!-- liangyihui.net.Mac_testng2 -->
