<?xml version="1.0" encoding="UTF-8"?>
<!-- Generated by org.testng.reporters.JUnitReportReporter -->
<testsuite skipped="0" hostname="yuhualaideMacBook-Pro.local" name="liangyihui.net.Certification" tests="1" failures="0" timestamp="16 八月 2017 03:26:57 GMT" time="58.434" errors="0">
  <testcase name="certification" time="58.434" classname="liangyihui.net.Certification"/>
</testsuite> <!-- liangyihui.net.Certification -->
