<?xml version="1.0" encoding="UTF-8"?>
<!-- Generated by org.testng.reporters.JUnitReportReporter -->
<testsuite skipped="0" hostname="yuhualaideMacBook-Pro.local" name="liangyihui.app.Subscribe_Hottest" tests="1" failures="0" timestamp="25 七月 2017 08:40:53 GMT" time="18.083" errors="0">
  <testcase name="hottest" time="18.083" classname="liangyihui.app.Subscribe_Hottest"/>
</testsuite> <!-- liangyihui.app.Subscribe_Hottest -->
