<?xml version="1.0" encoding="UTF-8"?>
<!-- Generated by org.testng.reporters.JUnitReportReporter -->
<testsuite skipped="0" hostname="yuhualaideMacBook-Pro.local" name="liangyihui.app.Subscribe_Management" tests="1" failures="0" timestamp="25 七月 2017 08:23:47 GMT" time="61.618" errors="0">
  <testcase name="f2" time="61.618" classname="liangyihui.app.Subscribe_Management"/>
</testsuite> <!-- liangyihui.app.Subscribe_Management -->
