<?xml version="1.0" encoding="UTF-8"?>
<!-- Generated by org.testng.reporters.JUnitReportReporter -->
<testsuite skipped="0" hostname="yuhualaideMacBook-Pro.local" name="liangyihui.app.Found_Academic" tests="1" failures="0" timestamp="15 九月 2017 07:19:35 GMT" time="16.778" errors="0">
  <testcase name="f1" time="16.778" classname="liangyihui.app.Found_Academic"/>
</testsuite> <!-- liangyihui.app.Found_Academic -->
