<?xml version="1.0" encoding="UTF-8"?>
<!-- Generated by org.testng.reporters.JUnitReportReporter -->
<testsuite skipped="0" hostname="localhost" name="liangyihui.test.newtest" tests="1" failures="0" timestamp="10 一月 2018 06:26:01 GMT" time="14.604" errors="0">
  <testcase name="f1" time="14.604" classname="liangyihui.test.newtest"/>
</testsuite> <!-- liangyihui.test.newtest -->
