<?xml version="1.0" encoding="UTF-8"?>
<!-- Generated by org.testng.reporters.JUnitReportReporter -->
<testsuite skipped="0" hostname="yuhualaideMacBook-Pro.local" name="liangyihui.app.Question_add" tests="1" failures="0" timestamp="15 九月 2017 09:32:56 GMT" time="75.704" errors="1">
  <testcase name="add" time="75.704" classname="liangyihui.app.Question_add">
    <error type="org.openqa.selenium.InvalidSelectorException" message="Locator Strategy &#039;tag name&#039; is not supported for this session (WARNING: The server did not provide any stacktrace information)
Command duration or timeout: 11 milliseconds
For documentation on this error, please visit: http://seleniumhq.org/exceptions/invalid_selector_exception.html
Build info: version: &#039;3.4.0&#039;, revision: &#039;unknown&#039;, time: &#039;unknown&#039;
System info: host: &#039;yuhualaideMacBook-Pro.local&#039;, ip: &#039;fe80:0:0:0:189b:35b7:bb74:787d%en0&#039;, os.name: &#039;Mac OS X&#039;, os.arch: &#039;x86_64&#039;, os.version: &#039;10.12.5&#039;, java.version: &#039;1.8.0_131&#039;
Driver info: io.appium.java_client.android.AndroidDriver
Capabilities [{appPackage=net.liangyihui.app, app=/Users/yuhualai/Desktop/net.liangyihui.app.apk, deviceScreenSize=1080x1920, networkConnectionEnabled=true, warnings={}, databaseEnabled=false, deviceName=25243556, platform=LINUX, deviceUDID=25243556, appActivity=com.dop.h_doctor.ui.splash.IntroActivity, desired={appPackage=net.liangyihui.app, appActivity=com.dop.h_doctor.ui.splash.IntroActivity, app=/Users/yuhualai/Desktop/net.liangyihui.app.apk, platformVersion=4.4.4, automationName=Appium, reseKeyboard=true, unicodeKeyboard=true, platformName=Android, deviceName=25243556}, platformVersion=4.4.4, webStorageEnabled=false, locationContextEnabled=false, automationName=Appium, reseKeyboard=true, takesScreenshot=true, javascriptEnabled=true, deviceModel=MI 3, unicodeKeyboard=true, platformName=Android, deviceManufacturer=Xiaomi}]
Session ID: d4620dc5-7f15-4a3f-993a-9cfd9fa04ce7
*** Element info: {Using=tag name, value=肺癌Test}">
      <![CDATA[org.openqa.selenium.InvalidSelectorException: Locator Strategy 'tag name' is not supported for this session (WARNING: The server did not provide any stacktrace information)
Command duration or timeout: 11 milliseconds
For documentation on this error, please visit: http://seleniumhq.org/exceptions/invalid_selector_exception.html
Build info: version: '3.4.0', revision: 'unknown', time: 'unknown'
System info: host: 'yuhualaideMacBook-Pro.local', ip: 'fe80:0:0:0:189b:35b7:bb74:787d%en0', os.name: 'Mac OS X', os.arch: 'x86_64', os.version: '10.12.5', java.version: '1.8.0_131'
Driver info: io.appium.java_client.android.AndroidDriver
Capabilities [{appPackage=net.liangyihui.app, app=/Users/yuhualai/Desktop/net.liangyihui.app.apk, deviceScreenSize=1080x1920, networkConnectionEnabled=true, warnings={}, databaseEnabled=false, deviceName=25243556, platform=LINUX, deviceUDID=25243556, appActivity=com.dop.h_doctor.ui.splash.IntroActivity, desired={appPackage=net.liangyihui.app, appActivity=com.dop.h_doctor.ui.splash.IntroActivity, app=/Users/yuhualai/Desktop/net.liangyihui.app.apk, platformVersion=4.4.4, automationName=Appium, reseKeyboard=true, unicodeKeyboard=true, platformName=Android, deviceName=25243556}, platformVersion=4.4.4, webStorageEnabled=false, locationContextEnabled=false, automationName=Appium, reseKeyboard=true, takesScreenshot=true, javascriptEnabled=true, deviceModel=MI 3, unicodeKeyboard=true, platformName=Android, deviceManufacturer=Xiaomi}]
Session ID: d4620dc5-7f15-4a3f-993a-9cfd9fa04ce7
*** Element info: {Using=tag name, value=肺癌Test}
	at sun.reflect.NativeConstructorAccessorImpl.newInstance0(Native Method)
	at sun.reflect.NativeConstructorAccessorImpl.newInstance(NativeConstructorAccessorImpl.java:62)
	at sun.reflect.DelegatingConstructorAccessorImpl.newInstance(DelegatingConstructorAccessorImpl.java:45)
	at java.lang.reflect.Constructor.newInstance(Constructor.java:423)
	at org.openqa.selenium.remote.ErrorHandler.createThrowable(ErrorHandler.java:215)
	at org.openqa.selenium.remote.ErrorHandler.throwIfResponseFailed(ErrorHandler.java:167)
	at org.openqa.selenium.remote.RemoteWebDriver.execute(RemoteWebDriver.java:671)
	at io.appium.java_client.DefaultGenericMobileDriver.execute(DefaultGenericMobileDriver.java:40)
	at io.appium.java_client.AppiumDriver.execute(AppiumDriver.java:1)
	at io.appium.java_client.android.AndroidDriver.execute(AndroidDriver.java:1)
	at org.openqa.selenium.remote.RemoteWebDriver.findElement(RemoteWebDriver.java:410)
	at io.appium.java_client.DefaultGenericMobileDriver.findElement(DefaultGenericMobileDriver.java:56)
	at io.appium.java_client.AppiumDriver.findElement(AppiumDriver.java:1)
	at io.appium.java_client.android.AndroidDriver.findElement(AndroidDriver.java:1)
	at org.openqa.selenium.remote.RemoteWebDriver.findElementByTagName(RemoteWebDriver.java:477)
	at io.appium.java_client.DefaultGenericMobileDriver.findElementByTagName(DefaultGenericMobileDriver.java:96)
	at io.appium.java_client.AppiumDriver.findElementByTagName(AppiumDriver.java:1)
	at io.appium.java_client.android.AndroidDriver.findElementByTagName(AndroidDriver.java:1)
	at liangyihui.app.Question_add.add(Question_add.java:98)
	at sun.reflect.NativeMethodAccessorImpl.invoke0(Native Method)
	at sun.reflect.NativeMethodAccessorImpl.invoke(NativeMethodAccessorImpl.java:62)
	at sun.reflect.DelegatingMethodAccessorImpl.invoke(DelegatingMethodAccessorImpl.java:43)
	at java.lang.reflect.Method.invoke(Method.java:498)
	at org.testng.internal.MethodInvocationHelper.invokeMethod(MethodInvocationHelper.java:108)
	at org.testng.internal.Invoker.invokeMethod(Invoker.java:661)
	at org.testng.internal.Invoker.invokeTestMethod(Invoker.java:869)
	at org.testng.internal.Invoker.invokeTestMethods(Invoker.java:1193)
	at org.testng.internal.TestMethodWorker.invokeTestMethods(TestMethodWorker.java:126)
	at org.testng.internal.TestMethodWorker.run(TestMethodWorker.java:109)
	at org.testng.TestRunner.privateRun(TestRunner.java:744)
	at org.testng.TestRunner.run(TestRunner.java:602)
	at org.testng.SuiteRunner.runTest(SuiteRunner.java:380)
	at org.testng.SuiteRunner.runSequentially(SuiteRunner.java:375)
	at org.testng.SuiteRunner.privateRun(SuiteRunner.java:340)
	at org.testng.SuiteRunner.run(SuiteRunner.java:289)
	at org.testng.SuiteRunnerWorker.runSuite(SuiteRunnerWorker.java:52)
	at org.testng.SuiteRunnerWorker.run(SuiteRunnerWorker.java:86)
	at org.testng.TestNG.runSuitesSequentially(TestNG.java:1301)
	at org.testng.TestNG.runSuitesLocally(TestNG.java:1226)
	at org.testng.TestNG.runSuites(TestNG.java:1144)
	at org.testng.TestNG.run(TestNG.java:1115)
	at org.testng.remote.AbstractRemoteTestNG.run(AbstractRemoteTestNG.java:132)
	at org.testng.remote.RemoteTestNG.initAndRun(RemoteTestNG.java:230)
	at org.testng.remote.RemoteTestNG.main(RemoteTestNG.java:76)
]]>
    </error>
  </testcase> <!-- add -->
</testsuite> <!-- liangyihui.app.Question_add -->
