<?xml version="1.0" encoding="UTF-8"?>
<!-- Generated by org.testng.reporters.JUnitReportReporter -->
<testsuite skipped="0" hostname="yuhualaideMacBook-Pro.local" name="liangyihui.app.found_consultation" tests="1" failures="0" timestamp="25 七月 2017 02:59:55 GMT" time="38.023" errors="0">
  <testcase name="f1" time="38.023" classname="liangyihui.app.found_consultation"/>
</testsuite> <!-- liangyihui.app.found_consultation -->
