<?xml version="1.0" encoding="UTF-8"?>
<!-- Generated by org.testng.reporters.JUnitReportReporter -->
<testsuite skipped="0" hostname="yuhualaideMacBook-Pro.local" name="liangyihui.app.Question" tests="1" failures="0" timestamp="06 十一月 2017 05:27:05 GMT" time="57.524" errors="0">
  <testcase name="login" time="57.524" classname="liangyihui.app.Question"/>
</testsuite> <!-- liangyihui.app.Question -->
