<?xml version="1.0" encoding="UTF-8"?>
<!-- Generated by org.testng.reporters.JUnitReportReporter -->
<testsuite skipped="0" hostname="yuhualaideMacBook-Pro.local" name="liangyihui.app.NewTest" tests="1" failures="0" timestamp="02 十一月 2017 10:11:29 GMT" time="76.256" errors="0">
  <testcase name="login" time="76.256" classname="liangyihui.app.NewTest"/>
</testsuite> <!-- liangyihui.app.NewTest -->
