<?xml version="1.0" encoding="UTF-8"?>
<!-- Generated by org.testng.reporters.JUnitReportReporter -->
<testsuite skipped="0" hostname="yuhualaideMacBook-Pro.local" name="liangyihui.app.Subscribe_Collection" tests="1" failures="0" timestamp="25 七月 2017 08:34:05 GMT" time="45.682" errors="0">
  <testcase name="collection" time="45.682" classname="liangyihui.app.Subscribe_Collection"/>
</testsuite> <!-- liangyihui.app.Subscribe_Collection -->
