<?xml version="1.0" encoding="UTF-8"?>
<!-- Generated by org.testng.reporters.JUnitReportReporter -->
<testsuite skipped="0" hostname="yuhualaideMacBook-Pro.local" name="liangyihui.app.Share" tests="1" failures="0" timestamp="25 七月 2017 06:49:44 GMT" time="45.160" errors="0">
  <testcase name="share" time="45.160" classname="liangyihui.app.Share"/>
</testsuite> <!-- liangyihui.app.Share -->
