<?xml version="1.0" encoding="UTF-8"?>
<!-- Generated by org.testng.reporters.JUnitReportReporter -->
<testsuite skipped="0" hostname="yuhualaideMacBook-Pro.local" name="liangyihui.net.Public_ClassThree" tests="1" failures="0" timestamp="06 二月 2018 02:55:15 GMT" time="48.834" errors="0">
  <testcase name="publiclass" time="48.834" classname="liangyihui.net.Public_ClassThree"/>
</testsuite> <!-- liangyihui.net.Public_ClassThree -->
