<?xml version="1.0" encoding="UTF-8"?>
<!-- Generated by org.testng.reporters.JUnitReportReporter -->
<testsuite skipped="0" hostname="yuhualaideMacBook-Pro.local" name="liangyihui.net.Patients" tests="1" failures="0" timestamp="19 十二月 2017 02:37:08 GMT" time="28.729" errors="0">
  <testcase name="patients" time="28.729" classname="liangyihui.net.Patients"/>
</testsuite> <!-- liangyihui.net.Patients -->
