<?xml version="1.0" encoding="UTF-8"?>
<!-- Generated by org.testng.reporters.JUnitReportReporter -->
<testsuite skipped="0" hostname="yuhualaideMacBook-Pro.local" name="liangyihui.net.Mine_collect" tests="1" failures="0" timestamp="26 二月 2018 07:34:42 GMT" time="84.413" errors="0">
  <testcase name="collect" time="84.413" classname="liangyihui.net.Mine_collect"/>
</testsuite> <!-- liangyihui.net.Mine_collect -->
