<?xml version="1.0" encoding="UTF-8"?>
<!-- Generated by org.testng.reporters.JUnitReportReporter -->
<testsuite skipped="0" hostname="yuhualaideMacBook-Pro.local" name="liangyihui.net.Comments" tests="1" failures="0" timestamp="05 三月 2018 08:19:40 GMT" time="61.878" errors="0">
  <testcase name="comments" time="61.878" classname="liangyihui.net.Comments"/>
</testsuite> <!-- liangyihui.net.Comments -->
