<?xml version="1.0" encoding="UTF-8"?>
<!-- Generated by org.testng.reporters.JUnitReportReporter -->
<testsuite skipped="0" hostname="yuhualaideMacBook-Pro.local" name="liangyihui.net.Public_ClassTwo" tests="1" failures="0" timestamp="27 十二月 2017 07:31:38 GMT" time="33.027" errors="0">
  <testcase name="publiclass" time="33.027" classname="liangyihui.net.Public_ClassTwo"/>
</testsuite> <!-- liangyihui.net.Public_ClassTwo -->
