<?xml version="1.0" encoding="UTF-8"?>
<!-- Generated by org.testng.reporters.JUnitReportReporter -->
<testsuite skipped="0" hostname="yuhualaideMacBook-Pro.local" name="liangyihui.net.Cases" tests="1" failures="0" timestamp="18 一月 2018 07:02:54 GMT" time="17.969" errors="0">
  <testcase name="cases" time="17.969" classname="liangyihui.net.Cases"/>
</testsuite> <!-- liangyihui.net.Cases -->
