<?xml version="1.0" encoding="UTF-8"?>
<!-- Generated by org.testng.reporters.JUnitReportReporter -->
<testsuite skipped="0" hostname="yuhualaideMacBook-Pro.local" name="liangyihui.list.Encap" tests="1" failures="0" timestamp="09 十一月 2017 08:11:52 GMT" time="0.007" errors="0">
  <testcase name="f" time="0.007" classname="liangyihui.list.Encap"/>
</testsuite> <!-- liangyihui.list.Encap -->
