<?xml version="1.0" encoding="UTF-8"?>
<!-- Generated by org.testng.reporters.JUnitReportReporter -->
<testsuite skipped="0" hostname="yuhualaideMacBook-Pro.local" name="liangyihui.net.Project" tests="1" failures="0" timestamp="27 十月 2017 03:23:06 GMT" time="163.293" errors="0">
  <testcase name="project" time="163.293" classname="liangyihui.net.Project"/>
</testsuite> <!-- liangyihui.net.Project -->
