<?xml version="1.0" encoding="UTF-8"?>
<!-- Generated by org.testng.reporters.JUnitReportReporter -->
<testsuite skipped="0" hostname="yuhualaideMacBook-Pro.local" name="liangyihui.net.Certification" tests="1" failures="0" timestamp="30 八月 2017 08:55:12 GMT" time="47.647" errors="0">
  <testcase name="certification" time="47.647" classname="liangyihui.net.Certification"/>
</testsuite> <!-- liangyihui.net.Certification -->
