<?xml version="1.0" encoding="UTF-8"?>
<!-- Generated by org.testng.reporters.JUnitReportReporter -->
<testsuite skipped="0" hostname="yuhualaideMacBook-Pro.local" name="liangyihui.net.Question_select" tests="1" failures="0" timestamp="08 十一月 2017 03:24:23 GMT" time="92.578" errors="0">
  <testcase name="question" time="92.578" classname="liangyihui.net.Question_select"/>
</testsuite> <!-- liangyihui.net.Question_select -->
