<?xml version="1.0" encoding="UTF-8"?>
<!-- Generated by org.testng.reporters.JUnitReportReporter -->
<testsuite skipped="0" hostname="yuhualaideMacBook-Pro.local" name="liangyihui.net.Mine_dynamic" tests="1" failures="0" timestamp="27 十二月 2017 09:20:48 GMT" time="45.157" errors="0">
  <testcase name="login" time="45.157" classname="liangyihui.net.Mine_dynamic"/>
</testsuite> <!-- liangyihui.net.Mine_dynamic -->
