<?xml version="1.0" encoding="UTF-8"?>
<!-- Generated by org.testng.reporters.JUnitReportReporter -->
<testsuite skipped="0" hostname="yuhualaideMacBook-Pro.local" name="liangyihui.net.Question" tests="1" failures="0" timestamp="30 八月 2017 07:32:07 GMT" time="160.693" errors="0">
  <testcase name="question" time="160.693" classname="liangyihui.net.Question"/>
</testsuite> <!-- liangyihui.net.Question -->
