<?xml version="1.0" encoding="UTF-8"?>
<!-- Generated by org.testng.reporters.JUnitReportReporter -->
<testsuite skipped="0" hostname="yuhualaideMacBook-Pro.local" name="liangyihui.net.Login" tests="1" failures="0" timestamp="16 三月 2018 04:07:58 GMT" time="39.154" errors="0">
  <testcase name="login" time="39.154" classname="liangyihui.net.Login"/>
</testsuite> <!-- liangyihui.net.Login -->
