<?xml version="1.0" encoding="UTF-8"?>
<!-- Generated by org.testng.reporters.JUnitReportReporter -->
<testsuite skipped="0" hostname="yuhualaideMacBook-Pro.local" name="liangyihui.net.Question_add" tests="1" failures="0" timestamp="06 二月 2018 02:57:28 GMT" time="75.519" errors="0">
  <testcase name="question" time="75.519" classname="liangyihui.net.Question_add"/>
</testsuite> <!-- liangyihui.net.Question_add -->
