<?xml version="1.0" encoding="UTF-8"?>
<!-- Generated by org.testng.reporters.JUnitReportReporter -->
<testsuite skipped="0" hostname="yuhualaideMacBook-Pro.local" name="liangyihui.net.Mine_certification" tests="1" failures="0" timestamp="18 一月 2018 06:01:30 GMT" time="40.223" errors="0">
  <testcase name="login" time="40.223" classname="liangyihui.net.Mine_certification"/>
</testsuite> <!-- liangyihui.net.Mine_certification -->
