<?xml version="1.0" encoding="UTF-8"?>
<!-- Generated by org.testng.reporters.JUnitReportReporter -->
<testsuite skipped="0" hostname="yuhualaideMacBook-Pro.local" name="liangyihui.net.Article_asserts" tests="1" failures="0" timestamp="26 二月 2018 07:29:33 GMT" time="61.798" errors="0">
  <testcase name="tic" time="61.798" classname="liangyihui.net.Article_asserts"/>
</testsuite> <!-- liangyihui.net.Article_asserts -->
