<?xml version="1.0" encoding="UTF-8"?>
<!-- Generated by org.testng.reporters.JUnitReportReporter -->
<testsuite skipped="0" hostname="yuhualaideMacBook-Pro.local" name="liangyihui.list.Test1" tests="3" failures="0" timestamp="18 一月 2018 07:10:35 GMT" time="0.021" errors="0">
  <testcase name="fun3" time="0.002" classname="liangyihui.list.Test1"/>
  <testcase name="fun1" time="0.017" classname="liangyihui.list.Test1"/>
  <testcase name="fun2" time="0.002" classname="liangyihui.list.Test1"/>
</testsuite> <!-- liangyihui.list.Test1 -->
