<?xml version="1.0" encoding="UTF-8"?>
<!-- Generated by org.testng.reporters.JUnitReportReporter -->
<testsuite skipped="0" hostname="yuhualaideMacBook-Pro.local" name="liangyihui.net.Public_class" tests="1" failures="0" timestamp="06 二月 2018 02:53:43 GMT" time="21.629" errors="0">
  <testcase name="publiclass" time="21.629" classname="liangyihui.net.Public_class"/>
</testsuite> <!-- liangyihui.net.Public_class -->
