<?xml version="1.0" encoding="UTF-8"?>
<!-- Generated by org.testng.reporters.JUnitReportReporter -->
<testsuite skipped="0" hostname="yuhualaideMacBook-Pro.local" name="liangyihui.net.Menu_hottest" tests="1" failures="0" timestamp="05 三月 2018 08:26:38 GMT" time="84.535" errors="0">
  <testcase name="hottest" time="84.535" classname="liangyihui.net.Menu_hottest"/>
</testsuite> <!-- liangyihui.net.Menu_hottest -->
