<?xml version="1.0" encoding="UTF-8"?>
<!-- Generated by org.testng.reporters.JUnitReportReporter -->
<testsuite skipped="0" hostname="yuhualaideMacBook-Pro.local" name="liangyihui.web.list" tests="1" failures="0" timestamp="23 五月 2018 13:54:05 GMT" time="68.671" errors="0">
  <testcase name="guid" time="68.671" classname="liangyihui.web.list"/>
</testsuite> <!-- liangyihui.web.list -->
