<?xml version="1.0" encoding="UTF-8"?>
<!-- Generated by org.testng.reporters.JUnitReportReporter -->
<testsuite skipped="0" hostname="yuhualaideMacBook-Pro.local" name="com.liangyihui.intal.Article_asserts" tests="1" failures="0" timestamp="23 五月 2018 13:54:05 GMT" time="18.213" errors="0">
  <testcase name="article" time="18.213" classname="com.liangyihui.intal.Article_asserts"/>
</testsuite> <!-- com.liangyihui.intal.Article_asserts -->
