<?xml version="1.0" encoding="UTF-8"?>
<!-- Generated by org.testng.reporters.JUnitReportReporter -->
<testsuite skipped="0" hostname="yuhualaideMacBook-Pro.local" name="liangyihui.web.Web_test2" tests="1" failures="0" timestamp="25 七月 2017 14:45:57 GMT" time="17.913" errors="0">
  <testcase name="article" time="17.913" classname="liangyihui.web.Web_test2"/>
</testsuite> <!-- liangyihui.web.Web_test2 -->
