<?xml version="1.0" encoding="UTF-8"?>
<!-- Generated by org.testng.reporters.JUnitReportReporter -->
<testsuite skipped="0" hostname="yuhualaideMacBook-Pro.local" name="liangyihui.web.Search" tests="1" failures="0" timestamp="23 五月 2018 13:54:05 GMT" time="10.344" errors="0">
  <testcase name="search" time="10.344" classname="liangyihui.web.Search"/>
</testsuite> <!-- liangyihui.web.Search -->
