<?xml version="1.0" encoding="UTF-8"?>
<!-- Generated by org.testng.reporters.JUnitReportReporter -->
<testsuite skipped="0" hostname="yuhualaideMacBook-Pro.local" name="com.liangyihui.intal.TestLogin" tests="1" failures="0" timestamp="23 五月 2018 13:54:05 GMT" time="57.251" errors="0">
  <testcase name="Test" time="57.251" classname="com.liangyihui.intal.TestLogin"/>
</testsuite> <!-- com.liangyihui.intal.TestLogin -->
