<?xml version="1.0" encoding="UTF-8"?>
<!-- Generated by org.testng.reporters.JUnitReportReporter -->
<testsuite skipped="0" hostname="yuhualaideMacBook-Pro.local" name="liangyihui.web.Web" tests="1" failures="0" timestamp="25 七月 2017 14:45:57 GMT" time="7.381" errors="0">
  <testcase name="f" time="7.381" classname="liangyihui.web.Web"/>
</testsuite> <!-- liangyihui.web.Web -->
