<?xml version="1.0" encoding="UTF-8"?>
<!-- Generated by org.testng.reporters.JUnitReportReporter -->
<testsuite skipped="5" hostname="yuhualaideMacBook-Pro.local" name="liangyihui.app.subscribe" tests="6" failures="0" timestamp="25 七月 2017 02:40:03 GMT" time="26.479" errors="1">
  <testcase name="f6" time="26.479" classname="liangyihui.app.subscribe">
    <error type="io.appium.java_client.NoSuchContextException" message="No such context found. (WARNING: The server did not provide any stacktrace information)
Command duration or timeout: 73 milliseconds
Build info: version: &#039;3.4.0&#039;, revision: &#039;unknown&#039;, time: &#039;unknown&#039;
System info: host: &#039;yuhualaideMacBook-Pro.local&#039;, ip: &#039;fe80:0:0:0:1440:e382:882:5500%en0&#039;, os.name: &#039;Mac OS X&#039;, os.arch: &#039;x86_64&#039;, os.version: &#039;10.12.5&#039;, java.version: &#039;1.8.0_131&#039;
Driver info: io.appium.java_client.android.AndroidDriver
Capabilities [{appPackage=net.liangyihui.app, app=/Users/yuhualai/Desktop/net.liangyihui.app.apk, deviceScreenSize=1080x1920, networkConnectionEnabled=true, warnings={}, databaseEnabled=false, deviceName=25243556, platform=LINUX, deviceUDID=25243556, appActivity=com.dop.h_doctor.ui.splash.IntroActivity, desired={appPackage=net.liangyihui.app, appActivity=com.dop.h_doctor.ui.splash.IntroActivity, app=/Users/yuhualai/Desktop/net.liangyihui.app.apk, platformVersion=4.4.4, automationName=Appium, reseKeyboard=true, unicodeKeyboard=true, platformName=Android, deviceName=25243556}, platformVersion=4.4.4, webStorageEnabled=false, locationContextEnabled=false, automationName=Appium, reseKeyboard=true, takesScreenshot=true, javascriptEnabled=true, deviceModel=MI 3, unicodeKeyboard=true, platformName=Android, deviceManufacturer=Xiaomi}]
Session ID: 89033daf-4f88-4f38-8f9b-d99472ca6b27">
      <![CDATA[io.appium.java_client.NoSuchContextException: No such context found. (WARNING: The server did not provide any stacktrace information)
Command duration or timeout: 73 milliseconds
Build info: version: '3.4.0', revision: 'unknown', time: 'unknown'
System info: host: 'yuhualaideMacBook-Pro.local', ip: 'fe80:0:0:0:1440:e382:882:5500%en0', os.name: 'Mac OS X', os.arch: 'x86_64', os.version: '10.12.5', java.version: '1.8.0_131'
Driver info: io.appium.java_client.android.AndroidDriver
Capabilities [{appPackage=net.liangyihui.app, app=/Users/yuhualai/Desktop/net.liangyihui.app.apk, deviceScreenSize=1080x1920, networkConnectionEnabled=true, warnings={}, databaseEnabled=false, deviceName=25243556, platform=LINUX, deviceUDID=25243556, appActivity=com.dop.h_doctor.ui.splash.IntroActivity, desired={appPackage=net.liangyihui.app, appActivity=com.dop.h_doctor.ui.splash.IntroActivity, app=/Users/yuhualai/Desktop/net.liangyihui.app.apk, platformVersion=4.4.4, automationName=Appium, reseKeyboard=true, unicodeKeyboard=true, platformName=Android, deviceName=25243556}, platformVersion=4.4.4, webStorageEnabled=false, locationContextEnabled=false, automationName=Appium, reseKeyboard=true, takesScreenshot=true, javascriptEnabled=true, deviceModel=MI 3, unicodeKeyboard=true, platformName=Android, deviceManufacturer=Xiaomi}]
Session ID: 89033daf-4f88-4f38-8f9b-d99472ca6b27
	at sun.reflect.NativeConstructorAccessorImpl.newInstance0(Native Method)
	at sun.reflect.NativeConstructorAccessorImpl.newInstance(NativeConstructorAccessorImpl.java:62)
	at sun.reflect.DelegatingConstructorAccessorImpl.newInstance(DelegatingConstructorAccessorImpl.java:45)
	at java.lang.reflect.Constructor.newInstance(Constructor.java:423)
	at org.openqa.selenium.remote.ErrorHandler.createThrowable(ErrorHandler.java:215)
	at org.openqa.selenium.remote.ErrorHandler.throwIfResponseFailed(ErrorHandler.java:167)
	at org.openqa.selenium.remote.RemoteWebDriver.execute(RemoteWebDriver.java:671)
	at io.appium.java_client.DefaultGenericMobileDriver.execute(DefaultGenericMobileDriver.java:40)
	at io.appium.java_client.AppiumDriver.execute(AppiumDriver.java:1)
	at io.appium.java_client.android.AndroidDriver.execute(AndroidDriver.java:1)
	at io.appium.java_client.AppiumDriver.context(AppiumDriver.java:557)
	at liangyihui.app.subscribe.f6(subscribe.java:201)
	at sun.reflect.NativeMethodAccessorImpl.invoke0(Native Method)
	at sun.reflect.NativeMethodAccessorImpl.invoke(NativeMethodAccessorImpl.java:62)
	at sun.reflect.DelegatingMethodAccessorImpl.invoke(DelegatingMethodAccessorImpl.java:43)
	at java.lang.reflect.Method.invoke(Method.java:498)
	at org.testng.internal.MethodInvocationHelper.invokeMethod(MethodInvocationHelper.java:108)
	at org.testng.internal.Invoker.invokeMethod(Invoker.java:661)
	at org.testng.internal.Invoker.invokeTestMethod(Invoker.java:869)
	at org.testng.internal.Invoker.invokeTestMethods(Invoker.java:1193)
	at org.testng.internal.TestMethodWorker.invokeTestMethods(TestMethodWorker.java:126)
	at org.testng.internal.TestMethodWorker.run(TestMethodWorker.java:109)
	at java.util.concurrent.ThreadPoolExecutor.runWorker(ThreadPoolExecutor.java:1142)
	at java.util.concurrent.ThreadPoolExecutor$Worker.run(ThreadPoolExecutor.java:617)
	at java.lang.Thread.run(Thread.java:748)
]]>
    </error>
  </testcase> <!-- f6 -->
  <testcase name="f3" classname="liangyihui.app.subscribe">
    <skipped/>
  </testcase> <!-- f3 -->
  <testcase name="f1" classname="liangyihui.app.subscribe">
    <skipped/>
  </testcase> <!-- f1 -->
  <testcase name="f4" classname="liangyihui.app.subscribe">
    <skipped/>
  </testcase> <!-- f4 -->
  <testcase name="f5" classname="liangyihui.app.subscribe">
    <skipped/>
  </testcase> <!-- f5 -->
  <testcase name="f2" classname="liangyihui.app.subscribe">
    <skipped/>
  </testcase> <!-- f2 -->
</testsuite> <!-- liangyihui.app.subscribe -->
