<?xml version="1.0" encoding="UTF-8"?>
<!-- Generated by org.testng.reporters.JUnitReportReporter -->
<testsuite skipped="0" hostname="yuhualaideMacBook-Pro.local" name="liangyihui.web.Search" tests="1" failures="0" timestamp="14 八月 2017 06:10:55 GMT" time="7.559" errors="0">
  <testcase name="search" time="7.559" classname="liangyihui.web.Search"/>
</testsuite> <!-- liangyihui.web.Search -->
