<?xml version="1.0" encoding="UTF-8"?>
<!-- Generated by org.testng.reporters.JUnitReportReporter -->
<testsuite skipped="0" hostname="yuhualaideMacBook-Pro.local" name="liangyihui.web.CHH" tests="2" failures="0" timestamp="18 一月 2018 08:18:49 GMT" time="16.892" errors="0">
  <testcase name="f" time="8.460" classname="liangyihui.web.CHH"/>
  <testcase name="f" time="8.432" classname="liangyihui.web.CHH"/>
</testsuite> <!-- liangyihui.web.CHH -->
