<?xml version="1.0" encoding="UTF-8"?>
<!-- Generated by org.testng.reporters.JUnitReportReporter -->
<testsuite skipped="0" hostname="yuhualaideMacBook-Pro.local" name="liangyihui.web.Testign" tests="1" failures="0" timestamp="14 三月 2018 06:04:41 GMT" time="9.816" errors="0">
  <testcase name="f" time="9.816" classname="liangyihui.web.Testign"/>
</testsuite> <!-- liangyihui.web.Testign -->
