<?xml version="1.0" encoding="UTF-8"?>
<!-- Generated by org.testng.reporters.JUnitReportReporter -->
<testsuite skipped="0" hostname="yuhualaideMacBook-Pro.local" name="liangyihui.web.Login" tests="1" failures="0" timestamp="20 三月 2018 04:07:17 GMT" time="15.650" errors="0">
  <testcase name="login" time="15.650" classname="liangyihui.web.Login"/>
</testsuite> <!-- liangyihui.web.Login -->
