<?xml version="1.0" encoding="UTF-8"?>
<!-- Generated by org.testng.reporters.JUnitReportReporter -->
<testsuite skipped="0" hostname="yuhualaideMacBook-Pro.local" name="com.liangyihui.intal.Testintal" tests="1" failures="0" timestamp="28 四月 2018 07:15:02 GMT" time="6.758" errors="0">
  <testcase name="Test" time="6.758" classname="com.liangyihui.intal.Testintal"/>
</testsuite> <!-- com.liangyihui.intal.Testintal -->
