<?xml version="1.0" encoding="UTF-8"?>
<!-- Generated by org.testng.reporters.JUnitReportReporter -->
<testsuite skipped="0" hostname="yuhualaideMacBook-Pro.local" name="com.liangyihui.intal.intal" tests="1" failures="0" timestamp="06 三月 2018 03:25:56 GMT" time="0.008" errors="0">
  <testcase name="article" time="0.008" classname="com.liangyihui.intal.intal"/>
</testsuite> <!-- com.liangyihui.intal.intal -->
