<?xml version="1.0" encoding="UTF-8"?>
<!-- Generated by org.testng.reporters.JUnitReportReporter -->
<testsuite skipped="0" hostname="yuhualaideMacBook-Pro.local" name="com.liangyihui.intal.testtest" tests="1" failures="0" timestamp="28 四月 2018 07:16:30 GMT" time="8.054" errors="0">
  <testcase name="Test" time="8.054" classname="com.liangyihui.intal.testtest"/>
</testsuite> <!-- com.liangyihui.intal.testtest -->
